<?xml version="1.0" encoding="UTF-8"?>
<testng-results skipped="0" failed="1" ignored="0" total="10" passed="9">
  <reporter-output>
  </reporter-output>
  <suite name="Default suite" duration-ms="30659" started-at="2018-08-01T19:20:31Z" finished-at="2018-08-01T19:21:01Z">
    <groups>
    </groups>
    <test name="Default test" duration-ms="30659" started-at="2018-08-01T19:20:31Z" finished-at="2018-08-01T19:21:01Z">
      <class name="tests.LoginTest">
        <test-method status="PASS" signature="beforeClass()[pri:0, instance:tests.LoginTest@55f3ddb1]" name="beforeClass" is-config="true" duration-ms="992" started-at="2018-08-01T19:20:30Z" finished-at="2018-08-01T19:20:31Z">
          <reporter-output>
          </reporter-output>
        </test-method> <!-- beforeClass -->
        <test-method status="PASS" signature="correctEmailCorrectPassword()[pri:14, instance:tests.LoginTest@55f3ddb1]" name="correctEmailCorrectPassword" duration-ms="2106" started-at="2018-08-01T19:20:31Z" finished-at="2018-08-01T19:20:33Z">
          <reporter-output>
          </reporter-output>
        </test-method> <!-- correctEmailCorrectPassword -->
        <test-method status="PASS" signature="userID()[pri:15, instance:tests.LoginTest@55f3ddb1]" name="userID" duration-ms="434" started-at="2018-08-01T19:20:33Z" finished-at="2018-08-01T19:20:33Z">
          <reporter-output>
          </reporter-output>
        </test-method> <!-- userID -->
        <test-method status="PASS" signature="dateFrom()[pri:17, instance:tests.LoginTest@55f3ddb1]" name="dateFrom" duration-ms="452" started-at="2018-08-01T19:20:33Z" finished-at="2018-08-01T19:20:34Z">
          <reporter-output>
          </reporter-output>
        </test-method> <!-- dateFrom -->
        <test-method status="PASS" signature="dateTo()[pri:18, instance:tests.LoginTest@55f3ddb1]" name="dateTo" duration-ms="286" started-at="2018-08-01T19:20:34Z" finished-at="2018-08-01T19:20:34Z">
          <reporter-output>
          </reporter-output>
        </test-method> <!-- dateTo -->
        <test-method status="PASS" signature="thisMonth()[pri:19, instance:tests.LoginTest@55f3ddb1]" name="thisMonth" duration-ms="935" started-at="2018-08-01T19:20:34Z" finished-at="2018-08-01T19:20:35Z">
          <reporter-output>
          </reporter-output>
        </test-method> <!-- thisMonth -->
        <test-method status="PASS" signature="lastMonth()[pri:20, instance:tests.LoginTest@55f3ddb1]" name="lastMonth" duration-ms="250" started-at="2018-08-01T19:20:35Z" finished-at="2018-08-01T19:20:35Z">
          <reporter-output>
          </reporter-output>
        </test-method> <!-- lastMonth -->
        <test-method status="PASS" signature="resetMonth()[pri:21, instance:tests.LoginTest@55f3ddb1]" name="resetMonth" duration-ms="283" started-at="2018-08-01T19:20:35Z" finished-at="2018-08-01T19:20:35Z">
          <reporter-output>
          </reporter-output>
        </test-method> <!-- resetMonth -->
        <test-method status="PASS" signature="resetInvoices()[pri:22, instance:tests.LoginTest@55f3ddb1]" name="resetInvoices" duration-ms="393" started-at="2018-08-01T19:20:35Z" finished-at="2018-08-01T19:20:36Z">
          <reporter-output>
          </reporter-output>
        </test-method> <!-- resetInvoices -->
        <test-method status="PASS" signature="addNewInvoice()[pri:23, instance:tests.LoginTest@55f3ddb1]" name="addNewInvoice" duration-ms="5337" started-at="2018-08-01T19:20:36Z" finished-at="2018-08-01T19:20:41Z">
          <reporter-output>
          </reporter-output>
        </test-method> <!-- addNewInvoice -->
        <test-method status="FAIL" signature="previewInvoice()[pri:24, instance:tests.LoginTest@55f3ddb1]" name="previewInvoice" duration-ms="20140" started-at="2018-08-01T19:20:41Z" finished-at="2018-08-01T19:21:01Z">
          <exception class="org.openqa.selenium.TimeoutException">
            <message>
              <![CDATA[Expected condition failed: waiting for element to be clickable: Proxy element for: DefaultElementLocator 'By.id: context-356' (tried for 10 second(s) with 500 milliseconds interval)]]>
            </message>
            <full-stacktrace>
              <![CDATA[org.openqa.selenium.TimeoutException: Expected condition failed: waiting for element to be clickable: Proxy element for: DefaultElementLocator 'By.id: context-356' (tried for 10 second(s) with 500 milliseconds interval)
at org.openqa.selenium.support.ui.WebDriverWait.timeoutException(WebDriverWait.java:81)
at org.openqa.selenium.support.ui.FluentWait.until(FluentWait.java:271)
at pages.InvoicesPage.threeStops(InvoicesPage.java:150)
at tests.LoginTest.previewInvoice(LoginTest.java:308)
at sun.reflect.NativeMethodAccessorImpl.invoke0(Native Method)
at sun.reflect.NativeMethodAccessorImpl.invoke(NativeMethodAccessorImpl.java:62)
at sun.reflect.DelegatingMethodAccessorImpl.invoke(DelegatingMethodAccessorImpl.java:43)
at java.lang.reflect.Method.invoke(Method.java:498)
at org.testng.internal.MethodInvocationHelper.invokeMethod(MethodInvocationHelper.java:124)
at org.testng.internal.Invoker.invokeMethod(Invoker.java:580)
at org.testng.internal.Invoker.invokeTestMethod(Invoker.java:716)
at org.testng.internal.Invoker.invokeTestMethods(Invoker.java:988)
at org.testng.internal.TestMethodWorker.invokeTestMethods(TestMethodWorker.java:125)
at org.testng.internal.TestMethodWorker.run(TestMethodWorker.java:109)
at org.testng.TestRunner.privateRun(TestRunner.java:648)
at org.testng.TestRunner.run(TestRunner.java:505)
at org.testng.SuiteRunner.runTest(SuiteRunner.java:455)
at org.testng.SuiteRunner.runSequentially(SuiteRunner.java:450)
at org.testng.SuiteRunner.privateRun(SuiteRunner.java:415)
at org.testng.SuiteRunner.run(SuiteRunner.java:364)
at org.testng.SuiteRunnerWorker.runSuite(SuiteRunnerWorker.java:52)
at org.testng.SuiteRunnerWorker.run(SuiteRunnerWorker.java:84)
at org.testng.TestNG.runSuitesSequentially(TestNG.java:1208)
at org.testng.TestNG.runSuitesLocally(TestNG.java:1137)
at org.testng.TestNG.runSuites(TestNG.java:1049)
at org.testng.TestNG.run(TestNG.java:1017)
at org.testng.remote.AbstractRemoteTestNG.run(AbstractRemoteTestNG.java:114)
at org.testng.remote.RemoteTestNG.initAndRun(RemoteTestNG.java:251)
at org.testng.remote.RemoteTestNG.main(RemoteTestNG.java:77)
Caused by: org.openqa.selenium.NoSuchElementException: no such element: Unable to locate element: {"method":"id","selector":"context-356"}
  (Session info: chrome=67.0.3396.87)
  (Driver info: chromedriver=2.40.565383 (76257d1ab79276b2d53ee976b2c3e3b9f335cde7),platform=Linux 4.8.0-53-generic x86_64) (WARNING: The server did not provide any stacktrace information)
Command duration or timeout: 0 milliseconds
For documentation on this error, please visit: http://seleniumhq.org/exceptions/no_such_element.html
Build info: version: '3.13.0', revision: '2f0d292', time: '2018-06-25T15:32:14.902Z'
System info: host: 'itk-X705UQ', ip: '127.0.1.1', os.name: 'Linux', os.arch: 'amd64', os.version: '4.8.0-53-generic', java.version: '1.8.0_171'
Driver info: org.openqa.selenium.chrome.ChromeDriver
Capabilities {acceptInsecureCerts: false, acceptSslCerts: false, applicationCacheEnabled: false, browserConnectionEnabled: false, browserName: chrome, chrome: {chromedriverVersion: 2.40.565383 (76257d1ab79276..., userDataDir: /tmp/.org.chromium.Chromium...}, cssSelectorsEnabled: true, databaseEnabled: false, handlesAlerts: true, hasTouchScreen: false, javascriptEnabled: true, locationContextEnabled: true, mobileEmulationEnabled: false, nativeEvents: true, networkConnectionEnabled: false, pageLoadStrategy: normal, platform: LINUX, platformName: LINUX, rotatable: false, setWindowRect: true, takesHeapSnapshot: true, takesScreenshot: true, unexpectedAlertBehaviour: , unhandledPromptBehavior: , version: 67.0.3396.87, webStorageEnabled: true}
Session ID: 9303cd272186207b10bcc172abfa52cf
*** Element info: {Using=id, value=context-356}
at sun.reflect.NativeConstructorAccessorImpl.newInstance0(Native Method)
at sun.reflect.NativeConstructorAccessorImpl.newInstance(NativeConstructorAccessorImpl.java:62)
at sun.reflect.DelegatingConstructorAccessorImpl.newInstance(DelegatingConstructorAccessorImpl.java:45)
at java.lang.reflect.Constructor.newInstance(Constructor.java:423)
at org.openqa.selenium.remote.ErrorHandler.createThrowable(ErrorHandler.java:214)
at org.openqa.selenium.remote.ErrorHandler.throwIfResponseFailed(ErrorHandler.java:166)
at org.openqa.selenium.remote.http.JsonHttpResponseCodec.reconstructValue(JsonHttpResponseCodec.java:40)
at org.openqa.selenium.remote.http.AbstractHttpResponseCodec.decode(AbstractHttpResponseCodec.java:80)
at org.openqa.selenium.remote.http.AbstractHttpResponseCodec.decode(AbstractHttpResponseCodec.java:44)
at org.openqa.selenium.remote.HttpCommandExecutor.execute(HttpCommandExecutor.java:158)
at org.openqa.selenium.remote.service.DriverCommandExecutor.execute(DriverCommandExecutor.java:83)
at org.openqa.selenium.remote.RemoteWebDriver.execute(RemoteWebDriver.java:548)
at org.openqa.selenium.remote.RemoteWebDriver.findElement(RemoteWebDriver.java:322)
at org.openqa.selenium.remote.RemoteWebDriver.findElementById(RemoteWebDriver.java:368)
at org.openqa.selenium.By$ById.findElement(By.java:188)
at org.openqa.selenium.remote.RemoteWebDriver.findElement(RemoteWebDriver.java:314)
at org.openqa.selenium.support.pagefactory.DefaultElementLocator.findElement(DefaultElementLocator.java:69)
at org.openqa.selenium.support.pagefactory.internal.LocatingElementHandler.invoke(LocatingElementHandler.java:38)
at com.sun.proxy.$Proxy10.isDisplayed(Unknown Source)
at org.openqa.selenium.support.ui.ExpectedConditions.elementIfVisible(ExpectedConditions.java:315)
at org.openqa.selenium.support.ui.ExpectedConditions.access$100(ExpectedConditions.java:44)
at org.openqa.selenium.support.ui.ExpectedConditions$10.apply(ExpectedConditions.java:301)
at org.openqa.selenium.support.ui.ExpectedConditions$10.apply(ExpectedConditions.java:298)
at org.openqa.selenium.support.ui.ExpectedConditions$23.apply(ExpectedConditions.java:686)
at org.openqa.selenium.support.ui.ExpectedConditions$23.apply(ExpectedConditions.java:682)
at org.openqa.selenium.support.ui.FluentWait.until(FluentWait.java:248)
... 27 more
]]>
            </full-stacktrace>
          </exception> <!-- org.openqa.selenium.TimeoutException -->
          <reporter-output>
          </reporter-output>
        </test-method> <!-- previewInvoice -->
        <test-method status="PASS" signature="clearCookies()[pri:0, instance:tests.LoginTest@55f3ddb1]" name="clearCookies" is-config="true" duration-ms="8" started-at="2018-08-01T19:21:01Z" finished-at="2018-08-01T19:21:01Z">
          <reporter-output>
          </reporter-output>
        </test-method> <!-- clearCookies -->
        <test-method status="PASS" signature="afterClass()[pri:0, instance:tests.LoginTest@55f3ddb1]" name="afterClass" is-config="true" duration-ms="108" started-at="2018-08-01T19:21:01Z" finished-at="2018-08-01T19:21:01Z">
          <reporter-output>
          </reporter-output>
        </test-method> <!-- afterClass -->
      </class> <!-- tests.LoginTest -->
    </test> <!-- Default test -->
  </suite> <!-- Default suite -->
</testng-results>
